

*******************************************************************************
Sun Feb 27 13:46:43 2022


FIT:    data read from "rootData.dat"  using (log($1)):($3)
        format = x:z
        #datapoints = 15
        residuals are weighted equally (unit weight)

function used for fitting: f(x)
	f(x) = a + b*log(x)
fitted parameters initialized with current variable values

iter      chisq       delta/lim  lambda   a             b            
   0 1.9364488574e+02   0.00e+00  7.02e-01    9.919115e-01   1.717991e-02
   5 1.3144501341e+00  -7.40e-06  7.02e-06    7.357882e-01   1.384893e+00

After 5 iterations the fit converged.
final sum of squares of residuals : 1.31445
rel. change during last iteration : -7.399e-11

degrees of freedom    (FIT_NDF)                        : 13
rms of residuals      (FIT_STDFIT) = sqrt(WSSR/ndf)    : 0.31798
variance of residuals (reduced chisquare) = WSSR/ndf   : 0.101112

Final set of parameters            Asymptotic Standard Error
=======================            ==========================
a               = 0.735788         +/- 0.3041       (41.33%)
b               = 1.38489          +/- 0.1087       (7.847%)

correlation matrix of the fit parameters:
                a      b      
a               1.000 
b              -0.963  1.000 
